#
# A fatal error has been detected by the Java Runtime Environment:
#
#  SIGSEGV (0xb) at pc=0x00007fc40905b6fa, pid=3030, tid=140479797917440
#
# JRE version: Java(TM) SE Runtime Environment (7.0_79-b15) (build 1.7.0_79-b15)
# Java VM: Java HotSpot(TM) 64-Bit Server VM (24.79-b02 mixed mode linux-amd64 compressed oops)
# Problematic frame:
# v  ~BufferBlob::jni_fast_GetLongField
#
# Failed to write core dump. Core dumps have been disabled. To enable core dumping, try "ulimit -c unlimited" before starting Java again
#
# If you would like to submit a bug report, please visit:
#   http://bugreport.java.com/bugreport/crash.jsp
# The crash happened outside the Java Virtual Machine in native code.
# See problematic frame for where to report the bug.
#

---------------  T H R E A D  ---------------

Current thread (0x00007fc40c1a6800):  JavaThread "AWT-XAWT" daemon [_thread_in_native, id=3049, stack(0x00007fc40063f000,0x00007fc400740000)]

siginfo:si_signo=SIGSEGV: si_errno=0, si_code=1 (SEGV_MAPERR), si_addr=0x0000000000000000

Registers:
RAX=0x00007fc4125aae00, RBX=0x000000077f9b3788, RCX=0x00007fc413002320, RDX=0x0000000000000042
RSP=0x00007fc40073e6b8, RBP=0x00007fc40073e6e0, RSI=0x0000000000000000, RDI=0x00007fc40c1a69e8
R8 =0x0000000000000003, R9 =0x0000000000000000, R10=0x0000000000000004, R11=0x00007fc412044ac0
R12=0x00007fc40c1a69e8, R13=0x0000000000000000, R14=0x00007fc402034fe0, R15=0x00007fc40c1a6800
RIP=0x00007fc40905b6fa, EFLAGS=0x0000000000010246, CSGSFS=0x0000000000000033, ERR=0x0000000000000004
  TRAPNO=0x000000000000000e

Top of Stack: (sp=0x00007fc40073e6b8)
0x00007fc40073e6b8:   00007fc401dff801 000000077f9b3788
0x00007fc40073e6c8:   00007fc3b80aa400 000000077f9b3788
0x00007fc40073e6d8:   00007fc40073e7c8 0000000000000000
0x00007fc40073e6e8:   00007fc4018fbae8 000000077f9b3788
0x00007fc40073e6f8:   00007fc40073e720 0000000000000000
0x00007fc40073e708:   00007fc4018f39a3 000000077f9b3788
0x00007fc40073e718:   00007fc401df568f 00007fc40073e790
0x00007fc40073e728:   00007fc409012d98 00007fc409006233
0x00007fc40073e738:   0000000000000000 00000007d6d797c0
0x00007fc40073e748:   0000000000000000 00007fc40073e750
0x00007fc40073e758:   0000000000000000 00007fc40073e7c8
0x00007fc40073e768:   000000077f9b9858 0000000000000000
0x00007fc40073e778:   000000077f9b3788 0000000000000000
0x00007fc40073e788:   00007fc40073e7b0 00007fc40073e810
0x00007fc40073e798:   00007fc409006350 00000007d6d7a340
0x00007fc40073e7a8:   00007fc40900ecc0 0000000000000000
0x00007fc40073e7b8:   00007fc40073e810 00007fc3c0002e20
0x00007fc40073e7c8:   00000007d6ee4ab8 00007fc40073e7d0
0x00007fc40073e7d8:   000000077f977b34 00007fc40073e858
0x00007fc40073e7e8:   000000077f994e50 000000078021be00
0x00007fc40073e7f8:   000000077f977c68 00007fc40073e7b0
0x00007fc40073e808:   00007fc40073e850 00007fc40073e8a0
0x00007fc40073e818:   00007fc409006058 0000000000000000
0x00007fc40073e828:   00000007d7215d78 0000000000000000
0x00007fc40073e838:   0000000000000000 0000000000000000
0x00007fc40073e848:   00000007d6ee4ab8 0000000000000000
0x00007fc40073e858:   00000007d6e46c68 00007fc40073e860
0x00007fc40073e868:   000000077f97793d 00007fc40073e8b0
0x00007fc40073e878:   000000077f994e50 0000000000000000
0x00007fc40073e888:   000000077f977948 00007fc40073e850
0x00007fc40073e898:   00007fc40073e8b0 00007fc40073e8f8
0x00007fc40073e8a8:   00007fc409006706 00000007d6e46c68 

Instructions: (pc=0x00007fc40905b6fa)
0x00007fc40905b6da:   00 00 00 00 00 00 44 8b 15 21 32 58 09 4c 8b ce
0x00007fc40905b6ea:   41 f6 c2 01 0f 85 2e 00 00 00 4d 33 ca 4d 33 ca
0x00007fc40905b6fa:   4d 8b 09 4c 8b da 49 c1 eb 02 4b 8b 04 19 49 bb
0x00007fc40905b70a:   08 e9 5d 12 c4 7f 00 00 4c 33 d8 4c 33 d8 45 3b 

Register to memory mapping:

RAX=0x00007fc4125aae00: <offset 0xe1be00> in /usr/local/java/jdk1.7.0_79/jre/lib/amd64/server/libjvm.so at 0x00007fc41178f000
RBX=0x000000077f9b3788 is an oop
{method} 
 - klass: {other class}
RCX=0x00007fc413002320: <offset 0x219320> in /lib/x86_64-linux-gnu/libpthread.so.0 at 0x00007fc412de9000
RDX=0x0000000000000042 is an unknown value
RSP=0x00007fc40073e6b8 is pointing into the stack for thread: 0x00007fc40c1a6800
RBP=0x00007fc40073e6e0 is pointing into the stack for thread: 0x00007fc40c1a6800
RSI=0x0000000000000000 is an unknown value
RDI=0x00007fc40c1a69e8 is an unknown value
R8 =0x0000000000000003 is an unknown value
R9 =0x0000000000000000 is an unknown value
R10=0x0000000000000004 is an unknown value
R11=0x00007fc412044ac0: <offset 0x8b5ac0> in /usr/local/java/jdk1.7.0_79/jre/lib/amd64/server/libjvm.so at 0x00007fc41178f000
R12=0x00007fc40c1a69e8 is an unknown value
R13=0x0000000000000000 is an unknown value
R14=0x00007fc402034fe0: <offset 0x253fe0> in /usr/local/java/jdk1.7.0_79/jre/lib/amd64/xawt/libmawt.so at 0x00007fc401de1000
R15=0x00007fc40c1a6800 is a thread


Stack: [0x00007fc40063f000,0x00007fc400740000],  sp=0x00007fc40073e6b8,  free space=1021k
Native frames: (J=compiled Java code, j=interpreted, Vv=VM code, C=native code)
v  ~BufferBlob::jni_fast_GetLongField

Java frames: (J=compiled Java code, j=interpreted, Vv=VM code)
j  sun.awt.X11.XlibWrapper.XFilterEvent(JJ)Z+0
j  sun.awt.X11.XToolkit.run(Z)V+300
j  sun.awt.X11.XToolkit.run()V+5
j  java.lang.Thread.run()V+11
v  ~StubRoutines::call_stub

---------------  P R O C E S S  ---------------

Java Threads: ( => current thread )
  0x00007fc3b80e8000 JavaThread "TimerQueue" daemon [_thread_blocked, id=3052, stack(0x00007fc4000c3000,0x00007fc4001c4000)]
  0x00007fc40c009800 JavaThread "DestroyJavaVM" [_thread_blocked, id=3035, stack(0x00007fc413106000,0x00007fc413207000)]
  0x00007fc40c1a9800 JavaThread "AWT-EventQueue-0" [_thread_blocked, id=3051, stack(0x00007fc40043d000,0x00007fc40053e000)]
  0x00007fc40c1a8000 JavaThread "AWT-Shutdown" [_thread_blocked, id=3050, stack(0x00007fc40053e000,0x00007fc40063f000)]
=>0x00007fc40c1a6800 JavaThread "AWT-XAWT" daemon [_thread_in_native, id=3049, stack(0x00007fc40063f000,0x00007fc400740000)]
  0x00007fc40c190000 JavaThread "Java2D Disposer" daemon [_thread_blocked, id=3048, stack(0x00007fc400b50000,0x00007fc400c51000)]
  0x00007fc40c098000 JavaThread "Service Thread" daemon [_thread_blocked, id=3046, stack(0x00007fc402409000,0x00007fc40250a000)]
  0x00007fc40c096000 JavaThread "C2 CompilerThread1" daemon [_thread_blocked, id=3045, stack(0x00007fc40250a000,0x00007fc40260b000)]
  0x00007fc40c093000 JavaThread "C2 CompilerThread0" daemon [_thread_blocked, id=3044, stack(0x00007fc40260b000,0x00007fc40270c000)]
  0x00007fc40c090800 JavaThread "Signal Dispatcher" daemon [_thread_blocked, id=3043, stack(0x00007fc40270c000,0x00007fc40280d000)]
  0x00007fc40c070000 JavaThread "Finalizer" daemon [_thread_blocked, id=3042, stack(0x00007fc402eef000,0x00007fc402ff0000)]
  0x00007fc40c06e000 JavaThread "Reference Handler" daemon [_thread_blocked, id=3041, stack(0x00007fc402ff0000,0x00007fc4030f1000)]

Other Threads:
  0x00007fc40c069800 VMThread [stack: 0x00007fc4030f1000,0x00007fc4031f2000] [id=3040]
  0x00007fc40c0a2800 WatcherThread [stack: 0x00007fc402308000,0x00007fc402409000] [id=3047]

VM state:not at safepoint (normal execution)

VM Mutex/Monitor currently owned by a thread: None

Heap
 PSYoungGen      total 37376K, used 9052K [0x00000007d6d00000, 0x00000007d9680000, 0x0000000800000000)
  eden space 32256K, 28% used [0x00000007d6d00000,0x00000007d75d71e8,0x00000007d8c80000)
  from space 5120K, 0% used [0x00000007d9180000,0x00000007d9180000,0x00000007d9680000)
  to   space 5120K, 0% used [0x00000007d8c80000,0x00000007d8c80000,0x00000007d9180000)
 ParOldGen       total 83968K, used 0K [0x0000000784800000, 0x0000000789a00000, 0x00000007d6d00000)
  object space 83968K, 0% used [0x0000000784800000,0x0000000784800000,0x0000000789a00000)
 PSPermGen       total 21504K, used 12411K [0x000000077f600000, 0x0000000780b00000, 0x0000000784800000)
  object space 21504K, 57% used [0x000000077f600000,0x000000078021ee68,0x0000000780b00000)

Card table byte_map: [0x00007fc408bfa000,0x00007fc409000000] byte_map_base: 0x00007fc404fff000

Polling page: 0x00007fc413226000

Code Cache  [0x00007fc409000000, 0x00007fc409270000, 0x00007fc40c000000)
 total_blobs=509 nmethods=41 adapters=421 free_code_cache=48564Kb largest_free_block=49714816

Compilation events (10 events):
Event: 554.871 Thread 0x00007fc40c093000   38             java.util.concurrent.locks.ReentrantLock$NonfairSync::lock (25 bytes)
Event: 554.876 Thread 0x00007fc40c093000 nmethod 38 0x00007fc40908df10 code [0x00007fc40908e080, 0x00007fc40908e1e8]
Event: 987.646 Thread 0x00007fc40c096000   39             sun.awt.SunToolkit::awtLock (7 bytes)
Event: 987.646 Thread 0x00007fc40c093000   40             sun.awt.SunToolkit::awtUnlock (7 bytes)
Event: 987.648 Thread 0x00007fc40c096000 nmethod 39 0x00007fc40908da10 code [0x00007fc40908db80, 0x00007fc40908dd08]
Event: 987.649 Thread 0x00007fc40c093000 nmethod 40 0x00007fc409095850 code [0x00007fc4090959a0, 0x00007fc409095b48]
Event: 1256.085 Thread 0x00007fc40c096000   41             sun.util.logging.PlatformLogger::isLoggable (38 bytes)
Event: 1256.088 Thread 0x00007fc40c096000 nmethod 41 0x00007fc409095d10 code [0x00007fc409095e60, 0x00007fc409095fd8]
Event: 1256.586 Thread 0x00007fc40c093000   42             sun.util.logging.PlatformLogger::isLoggable (9 bytes)
Event: 1256.589 Thread 0x00007fc40c093000 nmethod 42 0x00007fc409096190 code [0x00007fc409096320, 0x00007fc409096658]

GC Heap History (0 events):
No events

Deoptimization events (4 events):
Event: 2.367 Thread 0x00007fc40c1a9800 Uncommon trap: reason=class_check action=maybe_recompile pc=0x00007fc40907ce58 method=java.lang.String.equals(Ljava/lang/Object;)Z @ 8
Event: 2.368 Thread 0x00007fc40c1a9800 Uncommon trap: reason=class_check action=maybe_recompile pc=0x00007fc40907ce58 method=java.lang.String.equals(Ljava/lang/Object;)Z @ 8
Event: 2.368 Thread 0x00007fc40c1a9800 Uncommon trap: reason=class_check action=maybe_recompile pc=0x00007fc40907ce58 method=java.lang.String.equals(Ljava/lang/Object;)Z @ 8
Event: 2.368 Thread 0x00007fc40c1a9800 Uncommon trap: reason=class_check action=maybe_recompile pc=0x00007fc40907ce58 method=java.lang.String.equals(Ljava/lang/Object;)Z @ 8

Internal exceptions (10 events):
Event: 0.113 Thread 0x00007fc40c1a9800 Threw 0x00000007d6fcee58 at /HUDSON/workspace/7u-2-build-linux-amd64/jdk7u79/2331/hotspot/src/share/vm/prims/jvm.cpp:1304
Event: 0.113 Thread 0x00007fc40c1a9800 Threw 0x00000007d6fd0300 at /HUDSON/workspace/7u-2-build-linux-amd64/jdk7u79/2331/hotspot/src/share/vm/prims/jvm.cpp:1304
Event: 0.114 Thread 0x00007fc40c1a9800 Threw 0x00000007d6fd49e0 at /HUDSON/workspace/7u-2-build-linux-amd64/jdk7u79/2331/hotspot/src/share/vm/prims/jvm.cpp:1304
Event: 0.114 Thread 0x00007fc40c1a9800 Threw 0x00000007d6fd5e88 at /HUDSON/workspace/7u-2-build-linux-amd64/jdk7u79/2331/hotspot/src/share/vm/prims/jvm.cpp:1304
Event: 0.130 Thread 0x00007fc40c1a9800 Threw 0x00000007d6ffdab8 at /HUDSON/workspace/7u-2-build-linux-amd64/jdk7u79/2331/hotspot/src/share/vm/prims/jvm.cpp:1304
Event: 0.232 Thread 0x00007fc40c1a9800 Threw 0x00000007d71cc5c0 at /HUDSON/workspace/7u-2-build-linux-amd64/jdk7u79/2331/hotspot/src/share/vm/prims/jni.cpp:743
Event: 1.419 Thread 0x00007fc40c1a9800 Threw 0x00000007d71da630 at /HUDSON/workspace/7u-2-build-linux-amd64/jdk7u79/2331/hotspot/src/share/vm/prims/jvm.cpp:1304
Event: 1.470 Thread 0x00007fc40c1a9800 Threw 0x00000007d7211aa8 at /HUDSON/workspace/7u-2-build-linux-amd64/jdk7u79/2331/hotspot/src/share/vm/prims/jvm.cpp:1304
Event: 1.470 Thread 0x00007fc40c1a9800 Threw 0x00000007d7213ee0 at /HUDSON/workspace/7u-2-build-linux-amd64/jdk7u79/2331/hotspot/src/share/vm/prims/jvm.cpp:1304
Event: 2.432 Thread 0x00007fc40c1a9800 Threw 0x00000007d73bd548 at /HUDSON/workspace/7u-2-build-linux-amd64/jdk7u79/2331/hotspot/src/share/vm/prims/jni.cpp:743

Events (10 events):
Event: 3.840 loading class 0x00007fc40c0cfeb0 done
Event: 3.841 loading class 0x00007fc40c12c6d0
Event: 3.842 loading class 0x00007fc40c12c6d0 done
Event: 4.063 Executing VM operation: EnableBiasedLocking
Event: 4.063 Executing VM operation: EnableBiasedLocking done
Event: 7.319 Thread 0x00007fc3b8101800 Thread exited: 0x00007fc3b8101800
Event: 1493.774 loading class 0x00007fc3dc02d620
Event: 1493.798 loading class 0x00007fc3dc02d620 done
Event: 1493.837 loading class 0x00007fc3dc04c600
Event: 1493.837 loading class 0x00007fc3dc04c600 done


Dynamic libraries:
00400000-00401000 r-xp 00000000 08:09 13112474                           /usr/local/java/jdk1.7.0_79/bin/java
00600000-00601000 rw-p 00000000 08:09 13112474                           /usr/local/java/jdk1.7.0_79/bin/java
01fe0000-02001000 rw-p 00000000 00:00 0                                  [heap]
77f600000-780b00000 rw-p 00000000 00:00 0 
780b00000-784800000 rw-p 00000000 00:00 0 
784800000-789a00000 rw-p 00000000 00:00 0 
789a00000-7d6d00000 rw-p 00000000 00:00 0 
7d6d00000-7d9680000 rw-p 00000000 00:00 0 
7d9680000-800000000 rw-p 00000000 00:00 0 
7fc3b0000000-7fc3b0021000 rw-p 00000000 00:00 0 
7fc3b0021000-7fc3b4000000 ---p 00000000 00:00 0 
7fc3b4000000-7fc3b4021000 rw-p 00000000 00:00 0 
7fc3b4021000-7fc3b8000000 ---p 00000000 00:00 0 
7fc3b8000000-7fc3b8127000 rw-p 00000000 00:00 0 
7fc3b8127000-7fc3bc000000 ---p 00000000 00:00 0 
7fc3bc000000-7fc3bc021000 rw-p 00000000 00:00 0 
7fc3bc021000-7fc3c0000000 ---p 00000000 00:00 0 
7fc3c0000000-7fc3c0021000 rw-p 00000000 00:00 0 
7fc3c0021000-7fc3c4000000 ---p 00000000 00:00 0 
7fc3c4000000-7fc3c4021000 rw-p 00000000 00:00 0 
7fc3c4021000-7fc3c8000000 ---p 00000000 00:00 0 
7fc3c8000000-7fc3c8021000 rw-p 00000000 00:00 0 
7fc3c8021000-7fc3cc000000 ---p 00000000 00:00 0 
7fc3cc000000-7fc3cc021000 rw-p 00000000 00:00 0 
7fc3cc021000-7fc3d0000000 ---p 00000000 00:00 0 
7fc3d0000000-7fc3d00ff000 rw-p 00000000 00:00 0 
7fc3d00ff000-7fc3d4000000 ---p 00000000 00:00 0 
7fc3d4000000-7fc3d4021000 rw-p 00000000 00:00 0 
7fc3d4021000-7fc3d8000000 ---p 00000000 00:00 0 
7fc3d8000000-7fc3d8021000 rw-p 00000000 00:00 0 
7fc3d8021000-7fc3dc000000 ---p 00000000 00:00 0 
7fc3dc000000-7fc3dc1bc000 rw-p 00000000 00:00 0 
7fc3dc1bc000-7fc3e0000000 ---p 00000000 00:00 0 
7fc3e0000000-7fc3e0021000 rw-p 00000000 00:00 0 
7fc3e0021000-7fc3e4000000 ---p 00000000 00:00 0 
7fc3e4000000-7fc3e4021000 rw-p 00000000 00:00 0 
7fc3e4021000-7fc3e8000000 ---p 00000000 00:00 0 
7fc3e8000000-7fc3e8021000 rw-p 00000000 00:00 0 
7fc3e8021000-7fc3ec000000 ---p 00000000 00:00 0 
7fc3ef4f1000-7fc3ef4f4000 ---p 00000000 00:00 0 
7fc3ef4f4000-7fc3ef5f2000 rw-p 00000000 00:00 0 
7fc3ef5f2000-7fc3ef5f5000 ---p 00000000 00:00 0 
7fc3ef5f5000-7fc3ef6f3000 rw-p 00000000 00:00 0 
7fc3ef6f3000-7fc3ef75c000 r-xp 00000000 08:09 12854394                   /usr/local/java/jdk1.7.0_79/jre/lib/amd64/libt2k.so
7fc3ef75c000-7fc3ef95b000 ---p 00069000 08:09 12854394                   /usr/local/java/jdk1.7.0_79/jre/lib/amd64/libt2k.so
7fc3ef95b000-7fc3ef962000 rw-p 00068000 08:09 12854394                   /usr/local/java/jdk1.7.0_79/jre/lib/amd64/libt2k.so
7fc3ef962000-7fc3ef972000 rw-p 00000000 00:00 0 
7fc3ef972000-7fc3ef982000 r-xp 00000000 08:09 12853429                   /usr/local/java/jdk1.7.0_79/jre/lib/amd64/libnio.so
7fc3ef982000-7fc3efb82000 ---p 00010000 08:09 12853429                   /usr/local/java/jdk1.7.0_79/jre/lib/amd64/libnio.so
7fc3efb82000-7fc3efb83000 rw-p 00010000 08:09 12853429                   /usr/local/java/jdk1.7.0_79/jre/lib/amd64/libnio.so
7fc3efb83000-7fc3efb99000 r-xp 00000000 08:09 12854189                   /usr/local/java/jdk1.7.0_79/jre/lib/amd64/libnet.so
7fc3efb99000-7fc3efd99000 ---p 00016000 08:09 12854189                   /usr/local/java/jdk1.7.0_79/jre/lib/amd64/libnet.so
7fc3efd99000-7fc3efd9a000 rw-p 00016000 08:09 12854189                   /usr/local/java/jdk1.7.0_79/jre/lib/amd64/libnet.so
7fc3efd9a000-7fc3efdb0000 r-xp 00000000 08:09 7475335                    /lib/x86_64-linux-gnu/libgcc_s.so.1
7fc3efdb0000-7fc3effaf000 ---p 00016000 08:09 7475335                    /lib/x86_64-linux-gnu/libgcc_s.so.1
7fc3effaf000-7fc3effb0000 rw-p 00015000 08:09 7475335                    /lib/x86_64-linux-gnu/libgcc_s.so.1
7fc3effb0000-7fc3f4000000 rw-p 00000000 00:00 0 
7fc3f4000000-7fc3f4021000 rw-p 00000000 00:00 0 
7fc3f4021000-7fc3f8000000 ---p 00000000 00:00 0 
7fc3f8000000-7fc3f8021000 rw-p 00000000 00:00 0 
7fc3f8021000-7fc3fc000000 ---p 00000000 00:00 0 
7fc3fc000000-7fc3fc021000 rw-p 00000000 00:00 0 
7fc3fc021000-7fc400000000 ---p 00000000 00:00 0 
7fc4000c3000-7fc4000c6000 ---p 00000000 00:00 0 
7fc4000c6000-7fc4001c4000 rw-p 00000000 00:00 0                          [stack:3052]
7fc4001c4000-7fc400229000 r-xp 00000000 08:09 12853425                   /usr/local/java/jdk1.7.0_79/jre/lib/amd64/libfontmanager.so
7fc400229000-7fc400428000 ---p 00065000 08:09 12853425                   /usr/local/java/jdk1.7.0_79/jre/lib/amd64/libfontmanager.so
7fc400428000-7fc40042d000 rw-p 00064000 08:09 12853425                   /usr/local/java/jdk1.7.0_79/jre/lib/amd64/libfontmanager.so
7fc40042d000-7fc40043d000 rw-p 00000000 00:00 0 
7fc40043d000-7fc400440000 ---p 00000000 00:00 0 
7fc400440000-7fc40053e000 rw-p 00000000 00:00 0                          [stack:3051]
7fc40053e000-7fc400541000 ---p 00000000 00:00 0 
7fc400541000-7fc40063f000 rw-p 00000000 00:00 0                          [stack:3050]
7fc40063f000-7fc400642000 ---p 00000000 00:00 0 
7fc400642000-7fc400740000 rw-p 00000000 00:00 0                          [stack:3049]
7fc400740000-7fc400745000 r-xp 00000000 08:09 12852933                   /usr/lib/x86_64-linux-gnu/libXfixes.so.3.1.0
7fc400745000-7fc400944000 ---p 00005000 08:09 12852933                   /usr/lib/x86_64-linux-gnu/libXfixes.so.3.1.0
7fc400944000-7fc400945000 r--p 00004000 08:09 12852933                   /usr/lib/x86_64-linux-gnu/libXfixes.so.3.1.0
7fc400945000-7fc400946000 rw-p 00005000 08:09 12852933                   /usr/lib/x86_64-linux-gnu/libXfixes.so.3.1.0
7fc400946000-7fc40094f000 r-xp 00000000 08:09 12852925                   /usr/lib/x86_64-linux-gnu/libXcursor.so.1.0.2
7fc40094f000-7fc400b4e000 ---p 00009000 08:09 12852925                   /usr/lib/x86_64-linux-gnu/libXcursor.so.1.0.2
7fc400b4e000-7fc400b4f000 r--p 00008000 08:09 12852925                   /usr/lib/x86_64-linux-gnu/libXcursor.so.1.0.2
7fc400b4f000-7fc400b50000 rw-p 00009000 08:09 12852925                   /usr/lib/x86_64-linux-gnu/libXcursor.so.1.0.2
7fc400b50000-7fc400b53000 ---p 00000000 00:00 0 
7fc400b53000-7fc400c51000 rw-p 00000000 00:00 0                          [stack:3048]
7fc400c51000-7fc400c56000 r-xp 00000000 08:09 12852929                   /usr/lib/x86_64-linux-gnu/libXdmcp.so.6.0.0
7fc400c56000-7fc400e55000 ---p 00005000 08:09 12852929                   /usr/lib/x86_64-linux-gnu/libXdmcp.so.6.0.0
7fc400e55000-7fc400e56000 r--p 00004000 08:09 12852929                   /usr/lib/x86_64-linux-gnu/libXdmcp.so.6.0.0
7fc400e56000-7fc400e57000 rw-p 00005000 08:09 12852929                   /usr/lib/x86_64-linux-gnu/libXdmcp.so.6.0.0
7fc400e57000-7fc400e59000 r-xp 00000000 08:09 12852918                   /usr/lib/x86_64-linux-gnu/libXau.so.6.0.0
7fc400e59000-7fc401059000 ---p 00002000 08:09 12852918                   /usr/lib/x86_64-linux-gnu/libXau.so.6.0.0
7fc401059000-7fc40105a000 r--p 00002000 08:09 12852918                   /usr/lib/x86_64-linux-gnu/libXau.so.6.0.0
7fc40105a000-7fc40105b000 rw-p 00003000 08:09 12852918                   /usr/lib/x86_64-linux-gnu/libXau.so.6.0.0
7fc40105b000-7fc401078000 r-xp 00000000 08:09 12853984                   /usr/lib/x86_64-linux-gnu/libxcb.so.1.1.0
7fc401078000-7fc401278000 ---p 0001d000 08:09 12853984                   /usr/lib/x86_64-linux-gnu/libxcb.so.1.1.0
7fc401278000-7fc401279000 r--p 0001d000 08:09 12853984                   /usr/lib/x86_64-linux-gnu/libxcb.so.1.1.0
7fc401279000-7fc40127a000 rw-p 0001e000 08:09 12853984                   /usr/lib/x86_64-linux-gnu/libxcb.so.1.1.0
7fc40127a000-7fc401289000 r-xp 00000000 08:09 12852939                   /usr/lib/x86_64-linux-gnu/libXi.so.6.1.0
7fc401289000-7fc401488000 ---p 0000f000 08:09 12852939                   /usr/lib/x86_64-linux-gnu/libXi.so.6.1.0
7fc401488000-7fc401489000 r--p 0000e000 08:09 12852939                   /usr/lib/x86_64-linux-gnu/libXi.so.6.1.0
7fc401489000-7fc40148a000 rw-p 0000f000 08:09 12852939                   /usr/lib/x86_64-linux-gnu/libXi.so.6.1.0
7fc40148a000-7fc40148f000 r-xp 00000000 08:09 12852959                   /usr/lib/x86_64-linux-gnu/libXtst.so.6.1.0
7fc40148f000-7fc40168e000 ---p 00005000 08:09 12852959                   /usr/lib/x86_64-linux-gnu/libXtst.so.6.1.0
7fc40168e000-7fc40168f000 r--p 00004000 08:09 12852959                   /usr/lib/x86_64-linux-gnu/libXtst.so.6.1.0
7fc40168f000-7fc401690000 rw-p 00005000 08:09 12852959                   /usr/lib/x86_64-linux-gnu/libXtst.so.6.1.0
7fc401690000-7fc401699000 r-xp 00000000 08:09 12852953                   /usr/lib/x86_64-linux-gnu/libXrender.so.1.3.0
7fc401699000-7fc401898000 ---p 00009000 08:09 12852953                   /usr/lib/x86_64-linux-gnu/libXrender.so.1.3.0
7fc401898000-7fc401899000 r--p 00008000 08:09 12852953                   /usr/lib/x86_64-linux-gnu/libXrender.so.1.3.0
7fc401899000-7fc40189a000 rw-p 00009000 08:09 12852953                   /usr/lib/x86_64-linux-gnu/libXrender.so.1.3.0
7fc40189a000-7fc4019ca000 r-xp 00000000 08:09 12852914                   /usr/lib/x86_64-linux-gnu/libX11.so.6.3.0
7fc4019ca000-7fc401bca000 ---p 00130000 08:09 12852914                   /usr/lib/x86_64-linux-gnu/libX11.so.6.3.0
7fc401bca000-7fc401bcb000 r--p 00130000 08:09 12852914                   /usr/lib/x86_64-linux-gnu/libX11.so.6.3.0
7fc401bcb000-7fc401bcf000 rw-p 00131000 08:09 12852914                   /usr/lib/x86_64-linux-gnu/libX11.so.6.3.0
7fc401bcf000-7fc401be0000 r-xp 00000000 08:09 12852931                   /usr/lib/x86_64-linux-gnu/libXext.so.6.4.0
7fc401be0000-7fc401ddf000 ---p 00011000 08:09 12852931                   /usr/lib/x86_64-linux-gnu/libXext.so.6.4.0
7fc401ddf000-7fc401de0000 r--p 00010000 08:09 12852931                   /usr/lib/x86_64-linux-gnu/libXext.so.6.4.0
7fc401de0000-7fc401de1000 rw-p 00011000 08:09 12852931                   /usr/lib/x86_64-linux-gnu/libXext.so.6.4.0
7fc401de1000-7fc401e31000 r-xp 00000000 08:09 12853794                   /usr/local/java/jdk1.7.0_79/jre/lib/amd64/xawt/libmawt.so
7fc401e31000-7fc402031000 ---p 00050000 08:09 12853794                   /usr/local/java/jdk1.7.0_79/jre/lib/amd64/xawt/libmawt.so
7fc402031000-7fc402035000 rw-p 00050000 08:09 12853794                   /usr/local/java/jdk1.7.0_79/jre/lib/amd64/xawt/libmawt.so
7fc402035000-7fc402036000 rw-p 00000000 00:00 0 
7fc402036000-7fc4020d8000 r-xp 00000000 08:09 12854188                   /usr/local/java/jdk1.7.0_79/jre/lib/amd64/libawt.so
7fc4020d8000-7fc4022d8000 ---p 000a2000 08:09 12854188                   /usr/local/java/jdk1.7.0_79/jre/lib/amd64/libawt.so
7fc4022d8000-7fc4022e4000 rw-p 000a2000 08:09 12854188                   /usr/local/java/jdk1.7.0_79/jre/lib/amd64/libawt.so
7fc4022e4000-7fc402308000 rw-p 00000000 00:00 0 
7fc402308000-7fc402309000 ---p 00000000 00:00 0 
7fc402309000-7fc402409000 rw-p 00000000 00:00 0                          [stack:3047]
7fc402409000-7fc40240c000 ---p 00000000 00:00 0 
7fc40240c000-7fc40250a000 rw-p 00000000 00:00 0                          [stack:3046]
7fc40250a000-7fc40250d000 ---p 00000000 00:00 0 
7fc40250d000-7fc40260b000 rw-p 00000000 00:00 0                          [stack:3045]
7fc40260b000-7fc40260e000 ---p 00000000 00:00 0 
7fc40260e000-7fc40270c000 rw-p 00000000 00:00 0                          [stack:3044]
7fc40270c000-7fc40270f000 ---p 00000000 00:00 0 
7fc40270f000-7fc40280d000 rw-p 00000000 00:00 0                          [stack:3043]
7fc40280d000-7fc402eef000 r--p 00000000 08:09 12851849                   /usr/lib/locale/locale-archive
7fc402eef000-7fc402ef2000 ---p 00000000 00:00 0 
7fc402ef2000-7fc402ff0000 rw-p 00000000 00:00 0                          [stack:3042]
7fc402ff0000-7fc402ff3000 ---p 00000000 00:00 0 
7fc402ff3000-7fc4030f1000 rw-p 00000000 00:00 0                          [stack:3041]
7fc4030f1000-7fc4030f2000 ---p 00000000 00:00 0 
7fc4030f2000-7fc404000000 rw-p 00000000 00:00 0                          [stack:3040]
7fc404000000-7fc404021000 rw-p 00000000 00:00 0 
7fc404021000-7fc408000000 ---p 00000000 00:00 0 
7fc408017000-7fc408239000 rw-p 00000000 00:00 0 
7fc408239000-7fc4083f9000 r--s 039f7000 08:09 12855033                   /usr/local/java/jdk1.7.0_79/jre/lib/rt.jar
7fc4083f9000-7fc4088f7000 rw-p 00000000 00:00 0 
7fc4088f7000-7fc4088f8000 ---p 00000000 00:00 0 
7fc4088f8000-7fc4089f8000 rw-p 00000000 00:00 0                          [stack:3039]
7fc4089f8000-7fc4089f9000 ---p 00000000 00:00 0 
7fc4089f9000-7fc408af9000 rw-p 00000000 00:00 0                          [stack:3038]
7fc408af9000-7fc408afa000 ---p 00000000 00:00 0 
7fc408afa000-7fc408c05000 rw-p 00000000 00:00 0                          [stack:3037]
7fc408c05000-7fc408c23000 rw-p 00000000 00:00 0 
7fc408c23000-7fc408c4c000 rw-p 00000000 00:00 0 
7fc408c4c000-7fc408eb5000 rw-p 00000000 00:00 0 
7fc408eb5000-7fc408ecb000 rw-p 00000000 00:00 0 
7fc408ecb000-7fc408fff000 rw-p 00000000 00:00 0 
7fc408fff000-7fc409000000 rw-p 00000000 00:00 0 
7fc409000000-7fc409270000 rwxp 00000000 00:00 0 
7fc409270000-7fc40c1ac000 rw-p 00000000 00:00 0 
7fc40c1ac000-7fc410000000 ---p 00000000 00:00 0 
7fc41000b000-7fc410034000 rw-p 00000000 00:00 0 
7fc410034000-7fc410035000 ---p 00000000 00:00 0 
7fc410035000-7fc410140000 rw-p 00000000 00:00 0                          [stack:3036]
7fc410140000-7fc41015e000 rw-p 00000000 00:00 0 
7fc41015e000-7fc410187000 rw-p 00000000 00:00 0 
7fc410187000-7fc4103f1000 rw-p 00000000 00:00 0 
7fc4103f1000-7fc41040b000 r-xp 00000000 08:09 12854088                   /usr/local/java/jdk1.7.0_79/jre/lib/amd64/libzip.so
7fc41040b000-7fc41060b000 ---p 0001a000 08:09 12854088                   /usr/local/java/jdk1.7.0_79/jre/lib/amd64/libzip.so
7fc41060b000-7fc41060c000 rw-p 0001a000 08:09 12854088                   /usr/local/java/jdk1.7.0_79/jre/lib/amd64/libzip.so
7fc41060c000-7fc410617000 r-xp 00000000 08:09 7475383                    /lib/x86_64-linux-gnu/libnss_files-2.19.so
7fc410617000-7fc410816000 ---p 0000b000 08:09 7475383                    /lib/x86_64-linux-gnu/libnss_files-2.19.so
7fc410816000-7fc410817000 r--p 0000a000 08:09 7475383                    /lib/x86_64-linux-gnu/libnss_files-2.19.so
7fc410817000-7fc410818000 rw-p 0000b000 08:09 7475383                    /lib/x86_64-linux-gnu/libnss_files-2.19.so
7fc410818000-7fc410823000 r-xp 00000000 08:09 7475393                    /lib/x86_64-linux-gnu/libnss_nis-2.19.so
7fc410823000-7fc410a22000 ---p 0000b000 08:09 7475393                    /lib/x86_64-linux-gnu/libnss_nis-2.19.so
7fc410a22000-7fc410a23000 r--p 0000a000 08:09 7475393                    /lib/x86_64-linux-gnu/libnss_nis-2.19.so
7fc410a23000-7fc410a24000 rw-p 0000b000 08:09 7475393                    /lib/x86_64-linux-gnu/libnss_nis-2.19.so
7fc410a24000-7fc410a3b000 r-xp 00000000 08:09 7475377                    /lib/x86_64-linux-gnu/libnsl-2.19.so
7fc410a3b000-7fc410c3a000 ---p 00017000 08:09 7475377                    /lib/x86_64-linux-gnu/libnsl-2.19.so
7fc410c3a000-7fc410c3b000 r--p 00016000 08:09 7475377                    /lib/x86_64-linux-gnu/libnsl-2.19.so
7fc410c3b000-7fc410c3c000 rw-p 00017000 08:09 7475377                    /lib/x86_64-linux-gnu/libnsl-2.19.so
7fc410c3c000-7fc410c3e000 rw-p 00000000 00:00 0 
7fc410c3e000-7fc410c47000 r-xp 00000000 08:09 7475379                    /lib/x86_64-linux-gnu/libnss_compat-2.19.so
7fc410c47000-7fc410e46000 ---p 00009000 08:09 7475379                    /lib/x86_64-linux-gnu/libnss_compat-2.19.so
7fc410e46000-7fc410e47000 r--p 00008000 08:09 7475379                    /lib/x86_64-linux-gnu/libnss_compat-2.19.so
7fc410e47000-7fc410e48000 rw-p 00009000 08:09 7475379                    /lib/x86_64-linux-gnu/libnss_compat-2.19.so
7fc410e48000-7fc410e71000 r-xp 00000000 08:09 12853418                   /usr/local/java/jdk1.7.0_79/jre/lib/amd64/libjava.so
7fc410e71000-7fc411071000 ---p 00029000 08:09 12853418                   /usr/local/java/jdk1.7.0_79/jre/lib/amd64/libjava.so
7fc411071000-7fc411073000 rw-p 00029000 08:09 12853418                   /usr/local/java/jdk1.7.0_79/jre/lib/amd64/libjava.so
7fc411073000-7fc411080000 r-xp 00000000 08:09 12854051                   /usr/local/java/jdk1.7.0_79/jre/lib/amd64/libverify.so
7fc411080000-7fc41127f000 ---p 0000d000 08:09 12854051                   /usr/local/java/jdk1.7.0_79/jre/lib/amd64/libverify.so
7fc41127f000-7fc411281000 rw-p 0000c000 08:09 12854051                   /usr/local/java/jdk1.7.0_79/jre/lib/amd64/libverify.so
7fc411281000-7fc411288000 r-xp 00000000 08:09 7475436                    /lib/x86_64-linux-gnu/librt-2.19.so
7fc411288000-7fc411487000 ---p 00007000 08:09 7475436                    /lib/x86_64-linux-gnu/librt-2.19.so
7fc411487000-7fc411488000 r--p 00006000 08:09 7475436                    /lib/x86_64-linux-gnu/librt-2.19.so
7fc411488000-7fc411489000 rw-p 00007000 08:09 7475436                    /lib/x86_64-linux-gnu/librt-2.19.so
7fc411489000-7fc41158e000 r-xp 00000000 08:09 7475358                    /lib/x86_64-linux-gnu/libm-2.19.so
7fc41158e000-7fc41178d000 ---p 00105000 08:09 7475358                    /lib/x86_64-linux-gnu/libm-2.19.so
7fc41178d000-7fc41178e000 r--p 00104000 08:09 7475358                    /lib/x86_64-linux-gnu/libm-2.19.so
7fc41178e000-7fc41178f000 rw-p 00105000 08:09 7475358                    /lib/x86_64-linux-gnu/libm-2.19.so
7fc41178f000-7fc412304000 r-xp 00000000 08:09 12854400                   /usr/local/java/jdk1.7.0_79/jre/lib/amd64/server/libjvm.so
7fc412304000-7fc412504000 ---p 00b75000 08:09 12854400                   /usr/local/java/jdk1.7.0_79/jre/lib/amd64/server/libjvm.so
7fc412504000-7fc4125c8000 rw-p 00b75000 08:09 12854400                   /usr/local/java/jdk1.7.0_79/jre/lib/amd64/server/libjvm.so
7fc4125c8000-7fc412609000 rw-p 00000000 00:00 0 
7fc412609000-7fc4127c4000 r-xp 00000000 08:09 7475308                    /lib/x86_64-linux-gnu/libc-2.19.so
7fc4127c4000-7fc4129c3000 ---p 001bb000 08:09 7475308                    /lib/x86_64-linux-gnu/libc-2.19.so
7fc4129c3000-7fc4129c7000 r--p 001ba000 08:09 7475308                    /lib/x86_64-linux-gnu/libc-2.19.so
7fc4129c7000-7fc4129c9000 rw-p 001be000 08:09 7475308                    /lib/x86_64-linux-gnu/libc-2.19.so
7fc4129c9000-7fc4129ce000 rw-p 00000000 00:00 0 
7fc4129ce000-7fc4129d1000 r-xp 00000000 08:09 7475325                    /lib/x86_64-linux-gnu/libdl-2.19.so
7fc4129d1000-7fc412bd0000 ---p 00003000 08:09 7475325                    /lib/x86_64-linux-gnu/libdl-2.19.so
7fc412bd0000-7fc412bd1000 r--p 00002000 08:09 7475325                    /lib/x86_64-linux-gnu/libdl-2.19.so
7fc412bd1000-7fc412bd2000 rw-p 00003000 08:09 7475325                    /lib/x86_64-linux-gnu/libdl-2.19.so
7fc412bd2000-7fc412be8000 r-xp 00000000 08:09 12855081                   /usr/local/java/jdk1.7.0_79/lib/amd64/jli/libjli.so
7fc412be8000-7fc412de8000 ---p 00016000 08:09 12855081                   /usr/local/java/jdk1.7.0_79/lib/amd64/jli/libjli.so
7fc412de8000-7fc412de9000 rw-p 00016000 08:09 12855081                   /usr/local/java/jdk1.7.0_79/lib/amd64/jli/libjli.so
7fc412de9000-7fc412e02000 r-xp 00000000 08:09 7475428                    /lib/x86_64-linux-gnu/libpthread-2.19.so
7fc412e02000-7fc413001000 ---p 00019000 08:09 7475428                    /lib/x86_64-linux-gnu/libpthread-2.19.so
7fc413001000-7fc413002000 r--p 00018000 08:09 7475428                    /lib/x86_64-linux-gnu/libpthread-2.19.so
7fc413002000-7fc413003000 rw-p 00019000 08:09 7475428                    /lib/x86_64-linux-gnu/libpthread-2.19.so
7fc413003000-7fc413007000 rw-p 00000000 00:00 0 
7fc413007000-7fc41302a000 r-xp 00000000 08:09 7475284                    /lib/x86_64-linux-gnu/ld-2.19.so
7fc41303c000-7fc413046000 r--s 00253000 08:09 12854428                   /usr/local/java/jdk1.7.0_79/jre/lib/resources.jar
7fc413046000-7fc413050000 rw-p 00000000 00:00 0 
7fc413050000-7fc413106000 rw-p 00000000 00:00 0 
7fc413106000-7fc413109000 ---p 00000000 00:00 0 
7fc413109000-7fc41320b000 rw-p 00000000 00:00 0                          [stack:3035]
7fc413212000-7fc41321d000 r--s 0037c000 08:09 12855054                   /usr/local/java/jdk1.7.0_79/jre/lib/charsets.jar
7fc41321d000-7fc413225000 rw-s 00000000 08:09 1443989                    /tmp/hsperfdata_rameshwar/3030
7fc413225000-7fc413226000 rw-p 00000000 00:00 0 
7fc413226000-7fc413227000 r--p 00000000 00:00 0 
7fc413227000-7fc413229000 rw-p 00000000 00:00 0 
7fc413229000-7fc41322a000 r--p 00022000 08:09 7475284                    /lib/x86_64-linux-gnu/ld-2.19.so
7fc41322a000-7fc41322b000 rw-p 00023000 08:09 7475284                    /lib/x86_64-linux-gnu/ld-2.19.so
7fc41322b000-7fc41322c000 rw-p 00000000 00:00 0 
7ffe2dcca000-7ffe2dceb000 rw-p 00000000 00:00 0                          [stack]
7ffe2dd4e000-7ffe2dd50000 r--p 00000000 00:00 0                          [vvar]
7ffe2dd50000-7ffe2dd52000 r-xp 00000000 00:00 0                          [vdso]
ffffffffff600000-ffffffffff601000 r-xp 00000000 00:00 0                  [vsyscall]

VM Arguments:
jvm_args: -Dfile.encoding=UTF-8 
java_command: view.HomePage
Launcher Type: SUN_STANDARD

Environment Variables:
JAVA_HOME=/usr/local/java/jdk/1.7.0_79/
JRE_HOME=/usr/local/java/jdk/1.7.0_79//jre
PATH=/usr/local/sbin:/usr/local/bin:/usr/sbin:/usr/bin:/sbin:/bin:/usr/games:/usr/local/games:/home/rameshwar/bin:/usr/local/java/jdk/1.7.0_79//bin
SHELL=/bin/bash
DISPLAY=:0

Signal Handlers:
SIGSEGV: [libjvm.so+0x9a3bf0], sa_mask[0]=0x7ffbfeff, sa_flags=0x10000004
SIGBUS: [libjvm.so+0x9a3bf0], sa_mask[0]=0x7ffbfeff, sa_flags=0x10000004
SIGFPE: [libjvm.so+0x81cb60], sa_mask[0]=0x7ffbfeff, sa_flags=0x10000004
SIGPIPE: [libjvm.so+0x81cb60], sa_mask[0]=0x7ffbfeff, sa_flags=0x10000004
SIGXFSZ: [libjvm.so+0x81cb60], sa_mask[0]=0x7ffbfeff, sa_flags=0x10000004
SIGILL: [libjvm.so+0x81cb60], sa_mask[0]=0x7ffbfeff, sa_flags=0x10000004
SIGUSR1: SIG_DFL, sa_mask[0]=0x00000000, sa_flags=0x00000000
SIGUSR2: [libjvm.so+0x81e360], sa_mask[0]=0x00000004, sa_flags=0x10000004
SIGHUP: [libjvm.so+0x81f480], sa_mask[0]=0x7ffbfeff, sa_flags=0x10000004
SIGINT: [libjvm.so+0x81f480], sa_mask[0]=0x7ffbfeff, sa_flags=0x10000004
SIGTERM: [libjvm.so+0x81f480], sa_mask[0]=0x7ffbfeff, sa_flags=0x10000004
SIGQUIT: [libjvm.so+0x81f480], sa_mask[0]=0x7ffbfeff, sa_flags=0x10000004


---------------  S Y S T E M  ---------------

OS:jessie/sid

uname:Linux 3.19.0-42-generic #48~14.04.1-Ubuntu SMP Fri Dec 18 10:24:49 UTC 2015 x86_64
libc:glibc 2.19 NPTL 2.19 
rlimit: STACK 8192k, CORE 0k, NPROC 31271, NOFILE 4096, AS infinity
load average:0.32 0.35 0.37

/proc/meminfo:
MemTotal:        8087700 kB
MemFree:         5560976 kB
MemAvailable:    6424536 kB
Buffers:           89568 kB
Cached:          1467316 kB
SwapCached:            0 kB
Active:          1216920 kB
Inactive:        1103952 kB
Active(anon):     795588 kB
Inactive(anon):   522052 kB
Active(file):     421332 kB
Inactive(file):   581900 kB
Unevictable:          32 kB
Mlocked:              32 kB
SwapTotal:      10000380 kB
SwapFree:       10000380 kB
Dirty:               152 kB
Writeback:             0 kB
AnonPages:        764176 kB
Mapped:           326928 kB
Shmem:            553740 kB
Slab:              92924 kB
SReclaimable:      58524 kB
SUnreclaim:        34400 kB
KernelStack:        9552 kB
PageTables:        18808 kB
NFS_Unstable:          0 kB
Bounce:                0 kB
WritebackTmp:          0 kB
CommitLimit:    14044228 kB
Committed_AS:    3778024 kB
VmallocTotal:   34359738367 kB
VmallocUsed:      580788 kB
VmallocChunk:   34359105916 kB
HardwareCorrupted:     0 kB
AnonHugePages:    385024 kB
CmaTotal:              0 kB
CmaFree:               0 kB
HugePages_Total:       0
HugePages_Free:        0
HugePages_Rsvd:        0
HugePages_Surp:        0
Hugepagesize:       2048 kB
DirectMap4k:      129360 kB
DirectMap2M:     2928640 kB
DirectMap1G:     6291456 kB


CPU:total 4 (2 cores per cpu, 2 threads per core) family 6 model 61 stepping 4, cmov, cx8, fxsr, mmx, sse, sse2, sse3, ssse3, sse4.1, sse4.2, popcnt, avx, avx2, aes, erms, ht, tsc, tscinvbit

/proc/cpuinfo:
processor	: 0
vendor_id	: GenuineIntel
cpu family	: 6
model		: 61
model name	: Intel(R) Core(TM) i7-5500U CPU @ 2.40GHz
stepping	: 4
microcode	: 0x21
cpu MHz		: 2739.187
cache size	: 4096 KB
physical id	: 0
siblings	: 4
core id		: 0
cpu cores	: 2
apicid		: 0
initial apicid	: 0
fpu		: yes
fpu_exception	: yes
cpuid level	: 20
wp		: yes
flags		: fpu vme de pse tsc msr pae mce cx8 apic sep mtrr pge mca cmov pat pse36 clflush dts acpi mmx fxsr sse sse2 ss ht tm pbe syscall nx pdpe1gb rdtscp lm constant_tsc arch_perfmon pebs bts rep_good nopl xtopology nonstop_tsc aperfmperf eagerfpu pni pclmulqdq dtes64 monitor ds_cpl vmx est tm2 ssse3 fma cx16 xtpr pdcm pcid sse4_1 sse4_2 x2apic movbe popcnt tsc_deadline_timer aes xsave avx f16c rdrand lahf_lm abm 3dnowprefetch ida arat epb pln pts dtherm tpr_shadow vnmi flexpriority ept vpid fsgsbase tsc_adjust bmi1 avx2 smep bmi2 erms invpcid rdseed adx smap xsaveopt
bugs		:
bogomips	: 4788.63
clflush size	: 64
cache_alignment	: 64
address sizes	: 39 bits physical, 48 bits virtual
power management:

processor	: 1
vendor_id	: GenuineIntel
cpu family	: 6
model		: 61
model name	: Intel(R) Core(TM) i7-5500U CPU @ 2.40GHz
stepping	: 4
microcode	: 0x21
cpu MHz		: 2739.187
cache size	: 4096 KB
physical id	: 0
siblings	: 4
core id		: 1
cpu cores	: 2
apicid		: 2
initial apicid	: 2
fpu		: yes
fpu_exception	: yes
cpuid level	: 20
wp		: yes
flags		: fpu vme de pse tsc msr pae mce cx8 apic sep mtrr pge mca cmov pat pse36 clflush dts acpi mmx fxsr sse sse2 ss ht tm pbe syscall nx pdpe1gb rdtscp lm constant_tsc arch_perfmon pebs bts rep_good nopl xtopology nonstop_tsc aperfmperf eagerfpu pni pclmulqdq dtes64 monitor ds_cpl vmx est tm2 ssse3 fma cx16 xtpr pdcm pcid sse4_1 sse4_2 x2apic movbe popcnt tsc_deadline_timer aes xsave avx f16c rdrand lahf_lm abm 3dnowprefetch ida arat epb pln pts dtherm tpr_shadow vnmi flexpriority ept vpid fsgsbase tsc_adjust bmi1 avx2 smep bmi2 erms invpcid rdseed adx smap xsaveopt
bugs		:
bogomips	: 4788.63
clflush size	: 64
cache_alignment	: 64
address sizes	: 39 bits physical, 48 bits virtual
power management:

processor	: 2
vendor_id	: GenuineIntel
cpu family	: 6
model		: 61
model name	: Intel(R) Core(TM) i7-5500U CPU @ 2.40GHz
stepping	: 4
microcode	: 0x21
cpu MHz		: 2789.156
cache size	: 4096 KB
physical id	: 0
siblings	: 4
core id		: 0
cpu cores	: 2
apicid		: 1
initial apicid	: 1
fpu		: yes
fpu_exception	: yes
cpuid level	: 20
wp		: yes
flags		: fpu vme de pse tsc msr pae mce cx8 apic sep mtrr pge mca cmov pat pse36 clflush dts acpi mmx fxsr sse sse2 ss ht tm pbe syscall nx pdpe1gb rdtscp lm constant_tsc arch_perfmon pebs bts rep_good nopl xtopology nonstop_tsc aperfmperf eagerfpu pni pclmulqdq dtes64 monitor ds_cpl vmx est tm2 ssse3 fma cx16 xtpr pdcm pcid sse4_1 sse4_2 x2apic movbe popcnt tsc_deadline_timer aes xsave avx f16c rdrand lahf_lm abm 3dnowprefetch ida arat epb pln pts dtherm tpr_shadow vnmi flexpriority ept vpid fsgsbase tsc_adjust bmi1 avx2 smep bmi2 erms invpcid rdseed adx smap xsaveopt
bugs		:
bogomips	: 4788.63
clflush size	: 64
cache_alignment	: 64
address sizes	: 39 bits physical, 48 bits virtual
power management:

processor	: 3
vendor_id	: GenuineIntel
cpu family	: 6
model		: 61
model name	: Intel(R) Core(TM) i7-5500U CPU @ 2.40GHz
stepping	: 4
microcode	: 0x21
cpu MHz		: 2766.187
cache size	: 4096 KB
physical id	: 0
siblings	: 4
core id		: 1
cpu cores	: 2
apicid		: 3
initial apicid	: 3
fpu		: yes
fpu_exception	: yes
cpuid level	: 20
wp		: yes
flags		: fpu vme de pse tsc msr pae mce cx8 apic sep mtrr pge mca cmov pat pse36 clflush dts acpi mmx fxsr sse sse2 ss ht tm pbe syscall nx pdpe1gb rdtscp lm constant_tsc arch_perfmon pebs bts rep_good nopl xtopology nonstop_tsc aperfmperf eagerfpu pni pclmulqdq dtes64 monitor ds_cpl vmx est tm2 ssse3 fma cx16 xtpr pdcm pcid sse4_1 sse4_2 x2apic movbe popcnt tsc_deadline_timer aes xsave avx f16c rdrand lahf_lm abm 3dnowprefetch ida arat epb pln pts dtherm tpr_shadow vnmi flexpriority ept vpid fsgsbase tsc_adjust bmi1 avx2 smep bmi2 erms invpcid rdseed adx smap xsaveopt
bugs		:
bogomips	: 4788.63
clflush size	: 64
cache_alignment	: 64
address sizes	: 39 bits physical, 48 bits virtual
power management:



Memory: 4k page, physical 8087700k(5560976k free), swap 10000380k(10000380k free)

vm_info: Java HotSpot(TM) 64-Bit Server VM (24.79-b02) for linux-amd64 JRE (1.7.0_79-b15), built on Apr 10 2015 11:34:48 by "java_re" with gcc 4.3.0 20080428 (Red Hat 4.3.0-8)

time: Thu Feb  4 17:50:57 2016
elapsed time: 1493 seconds

